#-----------------------------------------------------------
# Vivado v2024.2 (64-bit)
# SW Build 5239630 on Fri Nov 08 22:34:34 MST 2024
# IP Build 5239520 on Sun Nov 10 16:12:51 MST 2024
# SharedData Build 5239561 on Fri Nov 08 14:39:27 MST 2024
# Start of session at: Sun Apr 27 16:14:08 2025
# Process ID         : 30892
# Current directory  : /home/martin/Documents/XilinxProjects/projectGit/Digital-Scoreboard
# Command line       : vivado
# Log file           : /home/martin/Documents/XilinxProjects/projectGit/Digital-Scoreboard/vivado.log
# Journal file       : /home/martin/Documents/XilinxProjects/projectGit/Digital-Scoreboard/vivado.jou
# Running On         : thinkpad-t480
# Platform           : Fedora
# Operating System   : Fedora Linux 41 (Workstation Edition)
# Processor Detail   : Intel(R) Core(TM) i7-8650U CPU @ 1.90GHz
# CPU Frequency      : 3598.696 MHz
# CPU Physical cores : 4
# CPU Logical cores  : 8
# Host memory        : 24920 MB
# Swap memory        : 43589 MB
# Total Virtual      : 68509 MB
# Available Virtual  : 60760 MB
#-----------------------------------------------------------
start_gui
WARNING: [Board 49-26] cannot add Board Part digilentinc.com:genesys2:part0:1.1 available at /tools/Xilinx/Vivado/2024.2/data/boards/board_files/new/board_files/genesys2/H/board.xml as part xc7k325tffg900-2 specified in board_part file is either invalid or not available
WARNING: [Board 49-26] cannot add Board Part digilentinc.com:sword:part0:1.0 available at /tools/Xilinx/Vivado/2024.2/data/boards/board_files/new/board_files/sword/C.0/board.xml as part xc7k325tffg900-2 specified in board_part file is either invalid or not available
open_project /home/martin/Documents/XilinxProjects/projektDE1_final_a7/projektDE1_final.xpr
INFO: [filemgmt 56-3] Default IP Output Path : Could not find the directory '/home/martin/Documents/XilinxProjects/projektDE1_final_a7/projektDE1_final.gen/sources_1'.
WARNING: [filemgmt 56-3] IPUserFilesDir: Could not find the directory '/home/martin/Documents/XilinxProjects/projektDE1_final_a7/projektDE1_final.ip_user_files'.
Scanning sources...
Finished scanning sources
INFO: [IP_Flow 19-234] Refreshing IP repositories
INFO: [IP_Flow 19-1704] No user IP repositories specified
INFO: [IP_Flow 19-2313] Loaded Vivado IP repository '/tools/Xilinx/Vivado/2024.2/data/ip'.
update_compile_order -fileset sources_1
close_project
open_project /home/martin/Documents/XilinxProjects/projektDE1_7segMultiplex/displayDriver/displayDriver.xpr
INFO: [filemgmt 56-3] Default IP Output Path : Could not find the directory '/home/martin/Documents/XilinxProjects/projektDE1_7segMultiplex/displayDriver/displayDriver.gen/sources_1'.
Scanning sources...
Finished scanning sources
INFO: [IP_Flow 19-234] Refreshing IP repositories
INFO: [IP_Flow 19-1704] No user IP repositories specified
INFO: [IP_Flow 19-2313] Loaded Vivado IP repository '/tools/Xilinx/Vivado/2024.2/data/ip'.
update_compile_order -fileset sources_1
launch_simulation
Command: launch_simulation 
INFO: [Vivado 12-12493] Simulation top is 'tb_top_level'
INFO: [Vivado 12-5682] Launching behavioral simulation in '/home/martin/Documents/XilinxProjects/projektDE1_7segMultiplex/displayDriver/displayDriver.sim/sim_1/behav/xsim'
INFO: [SIM-utils-51] Simulation object is 'sim_1'
INFO: [SIM-utils-72] Using boost library from '/tools/Xilinx/Vivado/2024.2/tps/boost_1_72_0'
INFO: [SIM-utils-54] Inspecting design source files for 'tb_top_level' in fileset 'sim_1'...
INFO: [USF-XSim-97] Finding global include files...
INFO: [USF-XSim-98] Fetching design files from 'sim_1'...
INFO: [USF-XSim-2] XSim::Compile design
INFO: [USF-XSim-61] Executing 'COMPILE and ANALYZE' step in '/home/martin/Documents/XilinxProjects/projektDE1_7segMultiplex/displayDriver/displayDriver.sim/sim_1/behav/xsim'
xvhdl --incr --relax -prj tb_top_level_vhdl.prj
Waiting for jobs to finish...
No pending jobs, compilation finished.
INFO: [USF-XSim-69] 'compile' step finished in '2' seconds
INFO: [USF-XSim-3] XSim::Elaborate design
INFO: [USF-XSim-61] Executing 'ELABORATE' step in '/home/martin/Documents/XilinxProjects/projektDE1_7segMultiplex/displayDriver/displayDriver.sim/sim_1/behav/xsim'
xelab --incr --debug typical --relax --mt 8 -L xil_defaultlib -L secureip --snapshot tb_top_level_behav xil_defaultlib.tb_top_level -log elaborate.log
Vivado Simulator v2024.2.0
Copyright 1986-2022 Xilinx, Inc. All Rights Reserved.
Copyright 2022-2024 Advanced Micro Devices, Inc. All Rights Reserved.
Running: /tools/Xilinx/Vivado/2024.2/bin/unwrapped/lnx64.o/xelab --incr --debug typical --relax --mt 8 -L xil_defaultlib -L secureip --snapshot tb_top_level_behav xil_defaultlib.tb_top_level -log elaborate.log 
Using 8 slave threads.
Starting static elaboration
Completed static elaboration
INFO: [XSIM 43-4323] No Change in HDL. Linking previously generated obj files to create kernel
INFO: [USF-XSim-69] 'elaborate' step finished in '1' seconds
INFO: [USF-XSim-4] XSim::Simulate design
INFO: [USF-XSim-61] Executing 'SIMULATE' step in '/home/martin/Documents/XilinxProjects/projektDE1_7segMultiplex/displayDriver/displayDriver.sim/sim_1/behav/xsim'
INFO: [USF-XSim-98] *** Running xsim
   with args "tb_top_level_behav -key {Behavioral:sim_1:Functional:tb_top_level} -tclbatch {tb_top_level.tcl} -view {/home/martin/Documents/XilinxProjects/projektDE1_7segMultiplex/displayDriver/tb_top_level_behav.wcfg} -log {simulate.log}"
INFO: [USF-XSim-8] Loading simulator feature
Time resolution is 1 ps
open_wave_config /home/martin/Documents/XilinxProjects/projektDE1_7segMultiplex/displayDriver/tb_top_level_behav.wcfg
source tb_top_level.tcl
# set curr_wave [current_wave_config]
# if { [string length $curr_wave] == 0 } {
#   if { [llength [get_objects]] > 0} {
#     add_wave /
#     set_property needs_save false [current_wave_config]
#   } else {
#      send_msg_id Add_Wave-1 WARNING "No top level signals found. Simulator will start without a wave window. If you want to open a wave window go to 'File->New Waveform Configuration' or type 'create_wave_config' in the TCL console."
#   }
# }
# run 1500ns
INFO: [USF-XSim-96] XSim completed. Design snapshot 'tb_top_level_behav' loaded.
INFO: [USF-XSim-97] XSim simulation ran for 1500ns
launch_simulation: Time (s): cpu = 00:00:09 ; elapsed = 00:00:08 . Memory (MB): peak = 8075.180 ; gain = 82.090 ; free physical = 2357 ; free virtual = 57105
close_sim
INFO: xsimkernel Simulation Memory Usage: 481744 KB (Peak: 539276 KB), Simulation CPU Usage: 1180 ms
INFO: [Simtcl 6-16] Simulation closed
exit
INFO: [Common 17-206] Exiting Vivado at Sun Apr 27 17:47:59 2025...
